==6046== Thread 6:
==6046== Invalid read of size 4
==6046==    at 0x40ED6D5: std::string::assign(std::string const&) (in /usr/lib/libstdc++.so.6.0.13)
==6046==    by 0x40ED753: std::string::operator=(std::string const&) (in /usr/lib/libstdc++.so.6.0.13)
==6046==    by 0x806DE16: Utilitario::separar(std::string const&, char, unsigned int) (Utilitario.cpp:28)
==6046==    by 0x804EF22: BaseDeDatos::guardarCombinaciones(Consulta const&, std::multimap<std::string, unsigned int, std::less<std::string>, std::allocator<std::pair<std::string const, unsigned int> > >&, bool) (BaseDeDatos.cpp:641)
==6046==    by 0x804E0B7: BaseDeDatos::resolverConsultaNormal(Consulta const&, Respuesta&) (BaseDeDatos.cpp:475)
==6046==    by 0x804C2D7: BaseDeDatos::resolverConsulta(Consulta const&) (BaseDeDatos.cpp:50)
==6046==    by 0x805D6D1: Servidor::resolver(Consulta&) (Servidor.cpp:21)
==6046==    by 0x8057B93: ControladorServidor::resolver(Consulta&) (ControladorServidor.cpp:36)
==6046==    by 0x805B96F: HiloResponderConsulta::correr() (HiloResponderConsulta.cpp:15)
==6046==    by 0x8067451: Hilo::llamarHilo(void*) (Hilo.cpp:24)
==6046==    by 0x403F96D: start_thread (pthread_create.c:300)
==6046==    by 0x425B98D: clone (clone.S:130)
==6046==  Address 0x110e66c0 is 8 bytes inside a block of size 513 free'd
==6046==    at 0x4024851: operator delete(void*) (vg_replace_malloc.c:387)
==6046==    by 0x40EBC2C: std::string::_Rep::_M_destroy(std::allocator<char> const&) (in /usr/lib/libstdc++.so.6.0.13)
==6046==    by 0x40ED6EF: std::string::assign(std::string const&) (in /usr/lib/libstdc++.so.6.0.13)
==6046==    by 0x40ED753: std::string::operator=(std::string const&) (in /usr/lib/libstdc++.so.6.0.13)
==6046==    by 0x806DE16: Utilitario::separar(std::string const&, char, unsigned int) (Utilitario.cpp:28)
==6046==    by 0x804EF22: BaseDeDatos::guardarCombinaciones(Consulta const&, std::multimap<std::string, unsigned int, std::less<std::string>, std::allocator<std::pair<std::string const, unsigned int> > >&, bool) (BaseDeDatos.cpp:641)
==6046==    by 0x804E0B7: BaseDeDatos::resolverConsultaNormal(Consulta const&, Respuesta&) (BaseDeDatos.cpp:475)
==6046==    by 0x804C2D7: BaseDeDatos::resolverConsulta(Consulta const&) (BaseDeDatos.cpp:50)
==6046==    by 0x805D6D1: Servidor::resolver(Consulta&) (Servidor.cpp:21)
==6046==    by 0x8057B93: ControladorServidor::resolver(Consulta&) (ControladorServidor.cpp:36)
==6046==    by 0x805B96F: HiloResponderConsulta::correr() (HiloResponderConsulta.cpp:15)
==6046==    by 0x8067451: Hilo::llamarHilo(void*) (Hilo.cpp:24)
==6046== 
==6046== Invalid free() / delete / delete[]
==6046==    at 0x4024851: operator delete(void*) (vg_replace_malloc.c:387)
==6046==    by 0x40EBC2C: std::string::_Rep::_M_destroy(std::allocator<char> const&) (in /usr/lib/libstdc++.so.6.0.13)
==6046==    by 0x40ED6EF: std::string::assign(std::string const&) (in /usr/lib/libstdc++.so.6.0.13)
==6046==    by 0x40ED753: std::string::operator=(std::string const&) (in /usr/lib/libstdc++.so.6.0.13)
==6046==    by 0x806DE16: Utilitario::separar(std::string const&, char, unsigned int) (Utilitario.cpp:28)
==6046==    by 0x804EF22: BaseDeDatos::guardarCombinaciones(Consulta const&, std::multimap<std::string, unsigned int, std::less<std::string>, std::allocator<std::pair<std::string const, unsigned int> > >&, bool) (BaseDeDatos.cpp:641)
==6046==    by 0x804E0B7: BaseDeDatos::resolverConsultaNormal(Consulta const&, Respuesta&) (BaseDeDatos.cpp:475)
==6046==    by 0x804C2D7: BaseDeDatos::resolverConsulta(Consulta const&) (BaseDeDatos.cpp:50)
==6046==    by 0x805D6D1: Servidor::resolver(Consulta&) (Servidor.cpp:21)
==6046==    by 0x8057B93: ControladorServidor::resolver(Consulta&) (ControladorServidor.cpp:36)
==6046==    by 0x805B96F: HiloResponderConsulta::correr() (HiloResponderConsulta.cpp:15)
==6046==    by 0x8067451: Hilo::llamarHilo(void*) (Hilo.cpp:24)
==6046==  Address 0x110e66b8 is 0 bytes inside a block of size 513 free'd
==6046==    at 0x4024851: operator delete(void*) (vg_replace_malloc.c:387)
==6046==    by 0x40EBC2C: std::string::_Rep::_M_destroy(std::allocator<char> const&) (in /usr/lib/libstdc++.so.6.0.13)
==6046==    by 0x40ED6EF: std::string::assign(std::string const&) (in /usr/lib/libstdc++.so.6.0.13)
==6046==    by 0x40ED753: std::string::operator=(std::string const&) (in /usr/lib/libstdc++.so.6.0.13)
==6046==    by 0x806DE16: Utilitario::separar(std::string const&, char, unsigned int) (Utilitario.cpp:28)
==6046==    by 0x804EF22: BaseDeDatos::guardarCombinaciones(Consulta const&, std::multimap<std::string, unsigned int, std::less<std::string>, std::allocator<std::pair<std::string const, unsigned int> > >&, bool) (BaseDeDatos.cpp:641)
==6046==    by 0x804E0B7: BaseDeDatos::resolverConsultaNormal(Consulta const&, Respuesta&) (BaseDeDatos.cpp:475)
==6046==    by 0x804C2D7: BaseDeDatos::resolverConsulta(Consulta const&) (BaseDeDatos.cpp:50)
==6046==    by 0x805D6D1: Servidor::resolver(Consulta&) (Servidor.cpp:21)
==6046==    by 0x8057B93: ControladorServidor::resolver(Consulta&) (ControladorServidor.cpp:36)
==6046==    by 0x805B96F: HiloResponderConsulta::correr() (HiloResponderConsulta.cpp:15)
==6046==    by 0x8067451: Hilo::llamarHilo(void*) (Hilo.cpp:24)
==6046== 
==6046== Syscall param llseek(offset_high) contains uninitialised byte(s)
==6046==    at 0x425BA2C: llseek (llseek.c:36)
==6046==    by 0x410E8D1: std::__basic_file<char>::seekoff(long long, std::_Ios_Seekdir) (in /usr/lib/libstdc++.so.6.0.13)
==6046==    by 0x40B98D7: std::basic_filebuf<char, std::char_traits<char> >::_M_seek(long long, std::_Ios_Seekdir, __mbstate_t) (in /usr/lib/libstdc++.so.6.0.13)
==6046==    by 0x40B9B76: std::basic_filebuf<char, std::char_traits<char> >::seekoff(long long, std::_Ios_Seekdir, std::_Ios_Openmode) (in /usr/lib/libstdc++.so.6.0.13)
==6046==    by 0x40C1EE4: std::istream::seekg(long long, std::_Ios_Seekdir) (in /usr/lib/libstdc++.so.6.0.13)
==6046==    by 0x804B428: ArchivoDeDatos::leerRegistro(unsigned int const&, std::string&) (ArchivoDeDatos.cpp:103)
==6046==    by 0x804B2D1: ArchivoDeDatos::obtenerRegistro(unsigned int) (ArchivoDeDatos.cpp:85)
==6046==    by 0x804EE50: BaseDeDatos::guardarCombinaciones(Consulta const&, std::multimap<std::string, unsigned int, std::less<std::string>, std::allocator<std::pair<std::string const, unsigned int> > >&, bool) (BaseDeDatos.cpp:635)
==6046==    by 0x804E0B7: BaseDeDatos::resolverConsultaNormal(Consulta const&, Respuesta&) (BaseDeDatos.cpp:475)
==6046==    by 0x804C2D7: BaseDeDatos::resolverConsulta(Consulta const&) (BaseDeDatos.cpp:50)
==6046==    by 0x805D6D1: Servidor::resolver(Consulta&) (Servidor.cpp:21)
==6046==    by 0x8057B93: ControladorServidor::resolver(Consulta&) (ControladorServidor.cpp:36)
==6046==  Uninitialised value was created by a stack allocation
==6046==    at 0x804B21B: ArchivoDeDatos::obtenerRegistro(unsigned int) (ArchivoDeDatos.cpp:75)
==6046== 
==6046== Syscall param llseek(offset_low) contains uninitialised byte(s)
==6046==    at 0x425BA2C: llseek (llseek.c:36)
==6046==    by 0x410E8D1: std::__basic_file<char>::seekoff(long long, std::_Ios_Seekdir) (in /usr/lib/libstdc++.so.6.0.13)
==6046==    by 0x40B98D7: std::basic_filebuf<char, std::char_traits<char> >::_M_seek(long long, std::_Ios_Seekdir, __mbstate_t) (in /usr/lib/libstdc++.so.6.0.13)
==6046==    by 0x40B9B76: std::basic_filebuf<char, std::char_traits<char> >::seekoff(long long, std::_Ios_Seekdir, std::_Ios_Openmode) (in /usr/lib/libstdc++.so.6.0.13)
==6046==    by 0x40C1EE4: std::istream::seekg(long long, std::_Ios_Seekdir) (in /usr/lib/libstdc++.so.6.0.13)
==6046==    by 0x804B428: ArchivoDeDatos::leerRegistro(unsigned int const&, std::string&) (ArchivoDeDatos.cpp:103)
==6046==    by 0x804B2D1: ArchivoDeDatos::obtenerRegistro(unsigned int) (ArchivoDeDatos.cpp:85)
==6046==    by 0x804EE50: BaseDeDatos::guardarCombinaciones(Consulta const&, std::multimap<std::string, unsigned int, std::less<std::string>, std::allocator<std::pair<std::string const, unsigned int> > >&, bool) (BaseDeDatos.cpp:635)
==6046==    by 0x804E0B7: BaseDeDatos::resolverConsultaNormal(Consulta const&, Respuesta&) (BaseDeDatos.cpp:475)
==6046==    by 0x804C2D7: BaseDeDatos::resolverConsulta(Consulta const&) (BaseDeDatos.cpp:50)
==6046==    by 0x805D6D1: Servidor::resolver(Consulta&) (Servidor.cpp:21)
==6046==    by 0x8057B93: ControladorServidor::resolver(Consulta&) (ControladorServidor.cpp:36)
==6046==  Uninitialised value was created by a stack allocation
==6046==    at 0x804B21B: ArchivoDeDatos::obtenerRegistro(unsigned int) (ArchivoDeDatos.cpp:75)
==6046== 

